e:\files from external hdd\abertay\year 2\coursework\cmp203-framework-master\graphicsprogramming\graphicsprogramming\debug\vc142.pdb
e:\files from external hdd\abertay\year 2\coursework\cmp203-framework-master\graphicsprogramming\graphicsprogramming\debug\vc142.idb
e:\files from external hdd\abertay\year 2\coursework\cmp203-framework-master\graphicsprogramming\graphicsprogramming\debug\vector3.obj
e:\files from external hdd\abertay\year 2\coursework\cmp203-framework-master\graphicsprogramming\graphicsprogramming\debug\sphere.obj
e:\files from external hdd\abertay\year 2\coursework\cmp203-framework-master\graphicsprogramming\graphicsprogramming\debug\shape.obj
e:\files from external hdd\abertay\year 2\coursework\cmp203-framework-master\graphicsprogramming\graphicsprogramming\debug\shadow.obj
e:\files from external hdd\abertay\year 2\coursework\cmp203-framework-master\graphicsprogramming\graphicsprogramming\debug\scene.obj
e:\files from external hdd\abertay\year 2\coursework\cmp203-framework-master\graphicsprogramming\graphicsprogramming\debug\ratchetmove.obj
e:\files from external hdd\abertay\year 2\coursework\cmp203-framework-master\graphicsprogramming\graphicsprogramming\debug\model.obj
e:\files from external hdd\abertay\year 2\coursework\cmp203-framework-master\graphicsprogramming\graphicsprogramming\debug\main.obj
e:\files from external hdd\abertay\year 2\coursework\cmp203-framework-master\graphicsprogramming\graphicsprogramming\debug\input.obj
e:\files from external hdd\abertay\year 2\coursework\cmp203-framework-master\graphicsprogramming\graphicsprogramming\debug\disc.obj
e:\files from external hdd\abertay\year 2\coursework\cmp203-framework-master\graphicsprogramming\graphicsprogramming\debug\cylinder.obj
e:\files from external hdd\abertay\year 2\coursework\cmp203-framework-master\graphicsprogramming\graphicsprogramming\debug\cube.obj
e:\files from external hdd\abertay\year 2\coursework\cmp203-framework-master\graphicsprogramming\graphicsprogramming\debug\camera.obj
e:\files from external hdd\abertay\year 2\coursework\cmp203-framework-master\graphicsprogramming\debug\graphicsprogramming.ilk
e:\files from external hdd\abertay\year 2\coursework\cmp203-framework-master\graphicsprogramming\debug\graphicsprogramming.exe
e:\files from external hdd\abertay\year 2\coursework\cmp203-framework-master\graphicsprogramming\debug\graphicsprogramming.pdb
e:\files from external hdd\abertay\year 2\graphicsprogramming\graphicsprogramming\debug\camera.obj
e:\files from external hdd\abertay\year 2\graphicsprogramming\graphicsprogramming\debug\cube.obj
e:\files from external hdd\abertay\year 2\graphicsprogramming\graphicsprogramming\debug\cylinder.obj
e:\files from external hdd\abertay\year 2\graphicsprogramming\graphicsprogramming\debug\disc.obj
e:\files from external hdd\abertay\year 2\graphicsprogramming\graphicsprogramming\debug\input.obj
e:\files from external hdd\abertay\year 2\graphicsprogramming\graphicsprogramming\debug\main.obj
e:\files from external hdd\abertay\year 2\graphicsprogramming\graphicsprogramming\debug\model.obj
e:\files from external hdd\abertay\year 2\graphicsprogramming\graphicsprogramming\debug\ratchetmove.obj
e:\files from external hdd\abertay\year 2\graphicsprogramming\graphicsprogramming\debug\scene.obj
e:\files from external hdd\abertay\year 2\graphicsprogramming\graphicsprogramming\debug\shadow.obj
e:\files from external hdd\abertay\year 2\graphicsprogramming\graphicsprogramming\debug\shape.obj
e:\files from external hdd\abertay\year 2\graphicsprogramming\graphicsprogramming\debug\sphere.obj
e:\files from external hdd\abertay\year 2\graphicsprogramming\graphicsprogramming\debug\vector3.obj
e:\files from external hdd\abertay\year 2\graphicsprogramming\graphicsprogramming\debug\vc142.idb
e:\files from external hdd\abertay\year 2\graphicsprogramming\graphicsprogramming\debug\vc142.pdb
e:\files from external hdd\abertay\year 2\graphicsprogramming\debug\graphicsprogramming.pdb
e:\files from external hdd\abertay\year 2\graphicsprogramming\debug\graphicsprogramming.exe
e:\files from external hdd\abertay\year 2\graphicsprogramming\debug\graphicsprogramming.ilk
e:\files from external hdd\abertay\year 2\graphicsprogramming\graphicsprogramming\debug\graphics.0b39da7b.tlog\cl.command.1.tlog
e:\files from external hdd\abertay\year 2\graphicsprogramming\graphicsprogramming\debug\graphics.0b39da7b.tlog\cl.read.1.tlog
e:\files from external hdd\abertay\year 2\graphicsprogramming\graphicsprogramming\debug\graphics.0b39da7b.tlog\cl.write.1.tlog
e:\files from external hdd\abertay\year 2\graphicsprogramming\graphicsprogramming\debug\graphics.0b39da7b.tlog\link.command.1.tlog
e:\files from external hdd\abertay\year 2\graphicsprogramming\graphicsprogramming\debug\graphics.0b39da7b.tlog\link.read.1.tlog
e:\files from external hdd\abertay\year 2\graphicsprogramming\graphicsprogramming\debug\graphics.0b39da7b.tlog\link.write.1.tlog
