  Camera.cpp
E:\Files From External HDD\Abertay\Year 2\GraphicsProgramming\GraphicsProgramming\Camera.cpp(190,24): warning C4552: '*': result of expression not used
E:\Files From External HDD\Abertay\Year 2\GraphicsProgramming\GraphicsProgramming\Camera.cpp(194,24): warning C4552: '*': result of expression not used
E:\Files From External HDD\Abertay\Year 2\GraphicsProgramming\GraphicsProgramming\Camera.cpp(198,22): warning C4552: '*': result of expression not used
E:\Files From External HDD\Abertay\Year 2\GraphicsProgramming\GraphicsProgramming\Camera.cpp(203,22): warning C4552: '*': result of expression not used
E:\Files From External HDD\Abertay\Year 2\GraphicsProgramming\GraphicsProgramming\Camera.cpp(213,15): warning C4244: '+=': conversion from 'double' to 'float', possible loss of data
E:\Files From External HDD\Abertay\Year 2\GraphicsProgramming\GraphicsProgramming\Camera.cpp(217,17): warning C4244: '+=': conversion from 'double' to 'float', possible loss of data
  Cube.cpp
E:\Files From External HDD\Abertay\Year 2\GraphicsProgramming\GraphicsProgramming\Cube.cpp(36,9): warning C4244: '=': conversion from 'int' to 'float', possible loss of data
E:\Files From External HDD\Abertay\Year 2\GraphicsProgramming\GraphicsProgramming\Cube.cpp(36,17): warning C4244: '=': conversion from 'int' to 'float', possible loss of data
E:\Files From External HDD\Abertay\Year 2\GraphicsProgramming\GraphicsProgramming\Cube.cpp(60,11): warning C4244: '=': conversion from 'int' to 'float', possible loss of data
E:\Files From External HDD\Abertay\Year 2\GraphicsProgramming\GraphicsProgramming\Cube.cpp(60,21): warning C4244: '=': conversion from 'int' to 'float', possible loss of data
E:\Files From External HDD\Abertay\Year 2\GraphicsProgramming\GraphicsProgramming\Cube.cpp(84,11): warning C4244: '=': conversion from 'int' to 'float', possible loss of data
E:\Files From External HDD\Abertay\Year 2\GraphicsProgramming\GraphicsProgramming\Cube.cpp(84,23): warning C4244: '=': conversion from 'int' to 'float', possible loss of data
E:\Files From External HDD\Abertay\Year 2\GraphicsProgramming\GraphicsProgramming\Cube.cpp(108,9): warning C4244: '=': conversion from 'int' to 'float', possible loss of data
E:\Files From External HDD\Abertay\Year 2\GraphicsProgramming\GraphicsProgramming\Cube.cpp(108,19): warning C4244: '=': conversion from 'int' to 'float', possible loss of data
  Cylinder.cpp
E:\Files From External HDD\Abertay\Year 2\GraphicsProgramming\GraphicsProgramming\Cylinder.h(14,11): warning C4305: 'initializing': truncation from 'double' to 'float'
E:\Files From External HDD\Abertay\Year 2\GraphicsProgramming\GraphicsProgramming\Cylinder.cpp(50,59): warning C4244: 'argument': conversion from 'double' to 'GLfloat', possible loss of data
E:\Files From External HDD\Abertay\Year 2\GraphicsProgramming\GraphicsProgramming\Cylinder.cpp(50,34): warning C4244: 'argument': conversion from 'double' to 'GLfloat', possible loss of data
E:\Files From External HDD\Abertay\Year 2\GraphicsProgramming\GraphicsProgramming\Cylinder.cpp(57,15): warning C4244: '=': conversion from 'double' to 'float', possible loss of data
E:\Files From External HDD\Abertay\Year 2\GraphicsProgramming\GraphicsProgramming\Cylinder.cpp(58,15): warning C4244: '=': conversion from 'double' to 'float', possible loss of data
E:\Files From External HDD\Abertay\Year 2\GraphicsProgramming\GraphicsProgramming\Cylinder.cpp(64,81): warning C4244: 'argument': conversion from 'double' to 'GLfloat', possible loss of data
E:\Files From External HDD\Abertay\Year 2\GraphicsProgramming\GraphicsProgramming\Cylinder.cpp(64,45): warning C4244: 'argument': conversion from 'double' to 'GLfloat', possible loss of data
E:\Files From External HDD\Abertay\Year 2\GraphicsProgramming\GraphicsProgramming\Cylinder.cpp(73,15): warning C4244: '=': conversion from 'double' to 'float', possible loss of data
E:\Files From External HDD\Abertay\Year 2\GraphicsProgramming\GraphicsProgramming\Cylinder.cpp(74,15): warning C4244: '=': conversion from 'double' to 'float', possible loss of data
E:\Files From External HDD\Abertay\Year 2\GraphicsProgramming\GraphicsProgramming\Cylinder.cpp(98,16): warning C4244: '=': conversion from 'double' to 'float', possible loss of data
E:\Files From External HDD\Abertay\Year 2\GraphicsProgramming\GraphicsProgramming\Cylinder.cpp(99,16): warning C4244: '=': conversion from 'double' to 'float', possible loss of data
E:\Files From External HDD\Abertay\Year 2\GraphicsProgramming\GraphicsProgramming\Cylinder.cpp(100,10): warning C4244: '=': conversion from 'int' to 'float', possible loss of data
E:\Files From External HDD\Abertay\Year 2\GraphicsProgramming\GraphicsProgramming\Cylinder.cpp(114,16): warning C4244: '=': conversion from 'double' to 'float', possible loss of data
E:\Files From External HDD\Abertay\Year 2\GraphicsProgramming\GraphicsProgramming\Cylinder.cpp(115,16): warning C4244: '=': conversion from 'double' to 'float', possible loss of data
E:\Files From External HDD\Abertay\Year 2\GraphicsProgramming\GraphicsProgramming\Cylinder.cpp(116,10): warning C4244: '=': conversion from 'int' to 'float', possible loss of data
E:\Files From External HDD\Abertay\Year 2\GraphicsProgramming\GraphicsProgramming\Cylinder.cpp(130,16): warning C4244: '=': conversion from 'double' to 'float', possible loss of data
E:\Files From External HDD\Abertay\Year 2\GraphicsProgramming\GraphicsProgramming\Cylinder.cpp(131,16): warning C4244: '=': conversion from 'double' to 'float', possible loss of data
E:\Files From External HDD\Abertay\Year 2\GraphicsProgramming\GraphicsProgramming\Cylinder.cpp(132,11): warning C4244: '=': conversion from 'int' to 'float', possible loss of data
E:\Files From External HDD\Abertay\Year 2\GraphicsProgramming\GraphicsProgramming\Cylinder.cpp(146,16): warning C4244: '=': conversion from 'double' to 'float', possible loss of data
E:\Files From External HDD\Abertay\Year 2\GraphicsProgramming\GraphicsProgramming\Cylinder.cpp(147,16): warning C4244: '=': conversion from 'double' to 'float', possible loss of data
E:\Files From External HDD\Abertay\Year 2\GraphicsProgramming\GraphicsProgramming\Cylinder.cpp(148,11): warning C4244: '=': conversion from 'int' to 'float', possible loss of data
E:\Files From External HDD\Abertay\Year 2\GraphicsProgramming\GraphicsProgramming\Cylinder.cpp(182,20): warning C4244: 'argument': conversion from 'int' to 'GLfloat', possible loss of data
E:\Files From External HDD\Abertay\Year 2\GraphicsProgramming\GraphicsProgramming\Cylinder.cpp(185,59): warning C4244: 'argument': conversion from 'double' to 'GLfloat', possible loss of data
E:\Files From External HDD\Abertay\Year 2\GraphicsProgramming\GraphicsProgramming\Cylinder.cpp(185,34): warning C4244: 'argument': conversion from 'double' to 'GLfloat', possible loss of data
E:\Files From External HDD\Abertay\Year 2\GraphicsProgramming\GraphicsProgramming\Cylinder.cpp(186,22): warning C4244: 'argument': conversion from 'int' to 'GLfloat', possible loss of data
E:\Files From External HDD\Abertay\Year 2\GraphicsProgramming\GraphicsProgramming\Cylinder.cpp(188,15): warning C4244: '=': conversion from 'double' to 'float', possible loss of data
E:\Files From External HDD\Abertay\Year 2\GraphicsProgramming\GraphicsProgramming\Cylinder.cpp(189,15): warning C4244: '=': conversion from 'double' to 'float', possible loss of data
E:\Files From External HDD\Abertay\Year 2\GraphicsProgramming\GraphicsProgramming\Cylinder.cpp(192,81): warning C4244: 'argument': conversion from 'double' to 'GLfloat', possible loss of data
E:\Files From External HDD\Abertay\Year 2\GraphicsProgramming\GraphicsProgramming\Cylinder.cpp(192,45): warning C4244: 'argument': conversion from 'double' to 'GLfloat', possible loss of data
E:\Files From External HDD\Abertay\Year 2\GraphicsProgramming\GraphicsProgramming\Cylinder.cpp(193,22): warning C4244: 'argument': conversion from 'int' to 'GLfloat', possible loss of data
E:\Files From External HDD\Abertay\Year 2\GraphicsProgramming\GraphicsProgramming\Cylinder.cpp(199,15): warning C4244: '=': conversion from 'double' to 'float', possible loss of data
E:\Files From External HDD\Abertay\Year 2\GraphicsProgramming\GraphicsProgramming\Cylinder.cpp(200,15): warning C4244: '=': conversion from 'double' to 'float', possible loss of data
  Disc.cpp
E:\Files From External HDD\Abertay\Year 2\GraphicsProgramming\GraphicsProgramming\Disc.h(20,26): warning C4305: 'initializing': truncation from 'double' to 'float'
E:\Files From External HDD\Abertay\Year 2\GraphicsProgramming\GraphicsProgramming\Disc.cpp(43,16): warning C4244: '=': conversion from 'double' to 'float', possible loss of data
E:\Files From External HDD\Abertay\Year 2\GraphicsProgramming\GraphicsProgramming\Disc.cpp(44,16): warning C4244: '=': conversion from 'double' to 'float', possible loss of data
E:\Files From External HDD\Abertay\Year 2\GraphicsProgramming\GraphicsProgramming\Disc.cpp(50,56): warning C4244: 'argument': conversion from 'double' to 'GLfloat', possible loss of data
E:\Files From External HDD\Abertay\Year 2\GraphicsProgramming\GraphicsProgramming\Disc.cpp(50,32): warning C4244: 'argument': conversion from 'double' to 'GLfloat', possible loss of data
E:\Files From External HDD\Abertay\Year 2\GraphicsProgramming\GraphicsProgramming\Disc.cpp(56,15): warning C4244: '=': conversion from 'double' to 'float', possible loss of data
E:\Files From External HDD\Abertay\Year 2\GraphicsProgramming\GraphicsProgramming\Disc.cpp(57,15): warning C4244: '=': conversion from 'double' to 'float', possible loss of data
E:\Files From External HDD\Abertay\Year 2\GraphicsProgramming\GraphicsProgramming\Disc.cpp(63,79): warning C4244: 'argument': conversion from 'double' to 'GLfloat', possible loss of data
E:\Files From External HDD\Abertay\Year 2\GraphicsProgramming\GraphicsProgramming\Disc.cpp(63,44): warning C4244: 'argument': conversion from 'double' to 'GLfloat', possible loss of data
E:\Files From External HDD\Abertay\Year 2\GraphicsProgramming\GraphicsProgramming\Disc.cpp(76,14): warning C4244: '=': conversion from 'double' to 'float', possible loss of data
E:\Files From External HDD\Abertay\Year 2\GraphicsProgramming\GraphicsProgramming\Disc.cpp(77,14): warning C4244: '=': conversion from 'double' to 'float', possible loss of data
  Input.cpp
  Main.cpp
E:\Files From External HDD\Abertay\Year 2\GraphicsProgramming\GraphicsProgramming\Cylinder.h(14,11): warning C4305: 'initializing': truncation from 'double' to 'float'
E:\Files From External HDD\Abertay\Year 2\GraphicsProgramming\GraphicsProgramming\Disc.h(20,26): warning C4305: 'initializing': truncation from 'double' to 'float'
E:\Files From External HDD\Abertay\Year 2\GraphicsProgramming\GraphicsProgramming\Sphere.h(14,11): warning C4305: 'initializing': truncation from 'double' to 'float'
  Model.cpp
E:\Files From External HDD\Abertay\Year 2\GraphicsProgramming\GraphicsProgramming\Model.cpp(128,20): warning C4018: '<': signed/unsigned mismatch
E:\Files From External HDD\Abertay\Year 2\GraphicsProgramming\GraphicsProgramming\Model.cpp(130,15): warning C4244: 'initializing': conversion from '_Ty' to 'float', possible loss of data
          with
          [
              _Ty=unsigned int
          ]
E:\Files From External HDD\Abertay\Year 2\GraphicsProgramming\GraphicsProgramming\Model.cpp(133,28): warning C4244: 'argument': conversion from 'float' to 'const unsigned int', possible loss of data
E:\Files From External HDD\Abertay\Year 2\GraphicsProgramming\GraphicsProgramming\Model.cpp(134,28): warning C4244: 'argument': conversion from 'float' to 'const unsigned int', possible loss of data
E:\Files From External HDD\Abertay\Year 2\GraphicsProgramming\GraphicsProgramming\Model.cpp(135,28): warning C4244: 'argument': conversion from 'float' to 'const unsigned int', possible loss of data
  RatchetMove.cpp
E:\Files From External HDD\Abertay\Year 2\GraphicsProgramming\GraphicsProgramming\RatchetMove.cpp(94,20): warning C4552: '*': result of expression not used
E:\Files From External HDD\Abertay\Year 2\GraphicsProgramming\GraphicsProgramming\RatchetMove.cpp(100,20): warning C4552: '*': result of expression not used
  Scene.cpp
E:\Files From External HDD\Abertay\Year 2\GraphicsProgramming\GraphicsProgramming\Cylinder.h(14,11): warning C4305: 'initializing': truncation from 'double' to 'float'
E:\Files From External HDD\Abertay\Year 2\GraphicsProgramming\GraphicsProgramming\Disc.h(20,26): warning C4305: 'initializing': truncation from 'double' to 'float'
E:\Files From External HDD\Abertay\Year 2\GraphicsProgramming\GraphicsProgramming\Sphere.h(14,11): warning C4305: 'initializing': truncation from 'double' to 'float'
E:\Files From External HDD\Abertay\Year 2\GraphicsProgramming\GraphicsProgramming\Scene.cpp(50,27): warning C4244: 'argument': conversion from 'float' to 'int', possible loss of data
E:\Files From External HDD\Abertay\Year 2\GraphicsProgramming\GraphicsProgramming\Scene.cpp(50,18): warning C4244: 'argument': conversion from 'float' to 'int', possible loss of data
E:\Files From External HDD\Abertay\Year 2\GraphicsProgramming\GraphicsProgramming\Scene.cpp(146,18): warning C4244: '=': conversion from 'int' to 'float', possible loss of data
E:\Files From External HDD\Abertay\Year 2\GraphicsProgramming\GraphicsProgramming\Scene.cpp(147,19): warning C4244: '=': conversion from 'int' to 'float', possible loss of data
E:\Files From External HDD\Abertay\Year 2\GraphicsProgramming\GraphicsProgramming\Scene.cpp(232,29): warning C4244: 'argument': conversion from 'float' to 'int', possible loss of data
E:\Files From External HDD\Abertay\Year 2\GraphicsProgramming\GraphicsProgramming\Scene.cpp(232,20): warning C4244: 'argument': conversion from 'float' to 'int', possible loss of data
E:\Files From External HDD\Abertay\Year 2\GraphicsProgramming\GraphicsProgramming\Scene.cpp(233,32): warning C4244: 'argument': conversion from 'float' to 'int', possible loss of data
E:\Files From External HDD\Abertay\Year 2\GraphicsProgramming\GraphicsProgramming\Scene.cpp(233,23): warning C4244: 'argument': conversion from 'float' to 'int', possible loss of data
E:\Files From External HDD\Abertay\Year 2\GraphicsProgramming\GraphicsProgramming\Scene.cpp(260,29): warning C4244: 'argument': conversion from 'float' to 'int', possible loss of data
E:\Files From External HDD\Abertay\Year 2\GraphicsProgramming\GraphicsProgramming\Scene.cpp(260,20): warning C4244: 'argument': conversion from 'float' to 'int', possible loss of data
E:\Files From External HDD\Abertay\Year 2\GraphicsProgramming\GraphicsProgramming\Scene.cpp(261,32): warning C4244: 'argument': conversion from 'float' to 'int', possible loss of data
E:\Files From External HDD\Abertay\Year 2\GraphicsProgramming\GraphicsProgramming\Scene.cpp(261,23): warning C4244: 'argument': conversion from 'float' to 'int', possible loss of data
E:\Files From External HDD\Abertay\Year 2\GraphicsProgramming\GraphicsProgramming\Scene.cpp(419,16): warning C4305: '+=': truncation from 'double' to 'float'
E:\Files From External HDD\Abertay\Year 2\GraphicsProgramming\GraphicsProgramming\Scene.cpp(440,17): warning C4305: '+=': truncation from 'double' to 'float'
E:\Files From External HDD\Abertay\Year 2\GraphicsProgramming\GraphicsProgramming\Scene.cpp(461,17): warning C4305: '+=': truncation from 'double' to 'float'
E:\Files From External HDD\Abertay\Year 2\GraphicsProgramming\GraphicsProgramming\Scene.cpp(492,17): warning C4305: '+=': truncation from 'double' to 'float'
E:\Files From External HDD\Abertay\Year 2\GraphicsProgramming\GraphicsProgramming\Scene.cpp(497,17): warning C4305: '-=': truncation from 'double' to 'float'
E:\Files From External HDD\Abertay\Year 2\GraphicsProgramming\GraphicsProgramming\Scene.cpp(519,17): warning C4305: '+=': truncation from 'double' to 'float'
E:\Files From External HDD\Abertay\Year 2\GraphicsProgramming\GraphicsProgramming\Scene.cpp(524,17): warning C4305: '-=': truncation from 'double' to 'float'
E:\Files From External HDD\Abertay\Year 2\GraphicsProgramming\GraphicsProgramming\Scene.cpp(546,17): warning C4305: '+=': truncation from 'double' to 'float'
E:\Files From External HDD\Abertay\Year 2\GraphicsProgramming\GraphicsProgramming\Scene.cpp(551,17): warning C4305: '-=': truncation from 'double' to 'float'
E:\Files From External HDD\Abertay\Year 2\GraphicsProgramming\GraphicsProgramming\Scene.cpp(619,35): warning C4305: 'initializing': truncation from 'double' to 'GLfloat'
E:\Files From External HDD\Abertay\Year 2\GraphicsProgramming\GraphicsProgramming\Scene.cpp(620,40): warning C4305: 'initializing': truncation from 'double' to 'GLfloat'
E:\Files From External HDD\Abertay\Year 2\GraphicsProgramming\GraphicsProgramming\Scene.cpp(645,34): warning C4305: 'initializing': truncation from 'double' to 'GLfloat'
E:\Files From External HDD\Abertay\Year 2\GraphicsProgramming\GraphicsProgramming\Scene.cpp(646,39): warning C4305: 'initializing': truncation from 'double' to 'GLfloat'
E:\Files From External HDD\Abertay\Year 2\GraphicsProgramming\GraphicsProgramming\Scene.cpp(673,34): warning C4305: 'argument': truncation from 'double' to 'GLfloat'
E:\Files From External HDD\Abertay\Year 2\GraphicsProgramming\GraphicsProgramming\Scene.cpp(703,26): warning C4305: 'argument': truncation from 'double' to 'GLfloat'
E:\Files From External HDD\Abertay\Year 2\GraphicsProgramming\GraphicsProgramming\Scene.cpp(717,27): warning C4305: 'argument': truncation from 'double' to 'GLfloat'
E:\Files From External HDD\Abertay\Year 2\GraphicsProgramming\GraphicsProgramming\Scene.cpp(820,25): warning C4305: 'argument': truncation from 'double' to 'GLfloat'
E:\Files From External HDD\Abertay\Year 2\GraphicsProgramming\GraphicsProgramming\Scene.cpp(924,25): warning C4305: 'argument': truncation from 'double' to 'GLfloat'
E:\Files From External HDD\Abertay\Year 2\GraphicsProgramming\GraphicsProgramming\Scene.cpp(1012,46): warning C4305: 'initializing': truncation from 'double' to 'GLfloat'
E:\Files From External HDD\Abertay\Year 2\GraphicsProgramming\GraphicsProgramming\Scene.cpp(1043,26): warning C4305: 'argument': truncation from 'double' to 'GLfloat'
E:\Files From External HDD\Abertay\Year 2\GraphicsProgramming\GraphicsProgramming\Scene.cpp(1099,26): warning C4305: 'argument': truncation from 'double' to 'GLfloat'
E:\Files From External HDD\Abertay\Year 2\GraphicsProgramming\GraphicsProgramming\Scene.cpp(1115,45): warning C4305: 'initializing': truncation from 'double' to 'GLfloat'
E:\Files From External HDD\Abertay\Year 2\GraphicsProgramming\GraphicsProgramming\Scene.cpp(1120,34): warning C4305: 'initializing': truncation from 'double' to 'GLfloat'
E:\Files From External HDD\Abertay\Year 2\GraphicsProgramming\GraphicsProgramming\Scene.cpp(1139,28): warning C4305: 'argument': truncation from 'double' to 'GLfloat'
E:\Files From External HDD\Abertay\Year 2\GraphicsProgramming\GraphicsProgramming\Scene.cpp(1161,46): warning C4305: 'initializing': truncation from 'double' to 'GLfloat'
E:\Files From External HDD\Abertay\Year 2\GraphicsProgramming\GraphicsProgramming\Scene.cpp(1165,35): warning C4305: 'initializing': truncation from 'double' to 'GLfloat'
E:\Files From External HDD\Abertay\Year 2\GraphicsProgramming\GraphicsProgramming\Scene.cpp(1182,28): warning C4305: 'argument': truncation from 'double' to 'GLfloat'
E:\Files From External HDD\Abertay\Year 2\GraphicsProgramming\GraphicsProgramming\Scene.cpp(1204,46): warning C4305: 'initializing': truncation from 'double' to 'GLfloat'
E:\Files From External HDD\Abertay\Year 2\GraphicsProgramming\GraphicsProgramming\Scene.cpp(1208,35): warning C4305: 'initializing': truncation from 'double' to 'GLfloat'
E:\Files From External HDD\Abertay\Year 2\GraphicsProgramming\GraphicsProgramming\Scene.cpp(1225,28): warning C4305: 'argument': truncation from 'double' to 'GLfloat'
E:\Files From External HDD\Abertay\Year 2\GraphicsProgramming\GraphicsProgramming\Scene.cpp(1262,35): warning C4305: 'argument': truncation from 'double' to 'GLfloat'
E:\Files From External HDD\Abertay\Year 2\GraphicsProgramming\GraphicsProgramming\Scene.cpp(1277,31): warning C4305: 'argument': truncation from 'double' to 'GLfloat'
E:\Files From External HDD\Abertay\Year 2\GraphicsProgramming\GraphicsProgramming\Scene.cpp(1303,26): warning C4305: 'argument': truncation from 'double' to 'GLfloat'
E:\Files From External HDD\Abertay\Year 2\GraphicsProgramming\GraphicsProgramming\Scene.cpp(1338,26): warning C4305: '=': truncation from 'double' to 'GLfloat'
E:\Files From External HDD\Abertay\Year 2\GraphicsProgramming\GraphicsProgramming\Scene.cpp(1357,28): warning C4305: 'argument': truncation from 'double' to 'GLfloat'
E:\Files From External HDD\Abertay\Year 2\GraphicsProgramming\GraphicsProgramming\Scene.cpp(1398,27): warning C4305: '=': truncation from 'double' to 'GLfloat'
E:\Files From External HDD\Abertay\Year 2\GraphicsProgramming\GraphicsProgramming\Scene.cpp(1415,28): warning C4305: 'argument': truncation from 'double' to 'GLfloat'
E:\Files From External HDD\Abertay\Year 2\GraphicsProgramming\GraphicsProgramming\Scene.cpp(1456,27): warning C4305: '=': truncation from 'double' to 'GLfloat'
E:\Files From External HDD\Abertay\Year 2\GraphicsProgramming\GraphicsProgramming\Scene.cpp(1474,28): warning C4305: 'argument': truncation from 'double' to 'GLfloat'
E:\Files From External HDD\Abertay\Year 2\GraphicsProgramming\GraphicsProgramming\Scene.cpp(1515,32): warning C4305: 'argument': truncation from 'double' to 'GLfloat'
E:\Files From External HDD\Abertay\Year 2\GraphicsProgramming\GraphicsProgramming\Scene.cpp(1675,81): warning C4244: 'argument': conversion from 'GLdouble' to 'GLfloat', possible loss of data
E:\Files From External HDD\Abertay\Year 2\GraphicsProgramming\GraphicsProgramming\Scene.cpp(1675,58): warning C4244: 'argument': conversion from 'GLdouble' to 'GLfloat', possible loss of data
E:\Files From External HDD\Abertay\Year 2\GraphicsProgramming\GraphicsProgramming\Scene.cpp(1675,35): warning C4244: 'argument': conversion from 'GLdouble' to 'GLfloat', possible loss of data
E:\Files From External HDD\Abertay\Year 2\GraphicsProgramming\GraphicsProgramming\Scene.cpp(1680,84): warning C4244: 'argument': conversion from 'GLdouble' to 'GLfloat', possible loss of data
E:\Files From External HDD\Abertay\Year 2\GraphicsProgramming\GraphicsProgramming\Scene.cpp(1680,60): warning C4244: 'argument': conversion from 'GLdouble' to 'GLfloat', possible loss of data
E:\Files From External HDD\Abertay\Year 2\GraphicsProgramming\GraphicsProgramming\Scene.cpp(1680,36): warning C4244: 'argument': conversion from 'GLdouble' to 'GLfloat', possible loss of data
E:\Files From External HDD\Abertay\Year 2\GraphicsProgramming\GraphicsProgramming\Scene.cpp(1685,87): warning C4244: 'argument': conversion from 'GLdouble' to 'GLfloat', possible loss of data
E:\Files From External HDD\Abertay\Year 2\GraphicsProgramming\GraphicsProgramming\Scene.cpp(1685,62): warning C4244: 'argument': conversion from 'GLdouble' to 'GLfloat', possible loss of data
E:\Files From External HDD\Abertay\Year 2\GraphicsProgramming\GraphicsProgramming\Scene.cpp(1685,37): warning C4244: 'argument': conversion from 'GLdouble' to 'GLfloat', possible loss of data
E:\Files From External HDD\Abertay\Year 2\GraphicsProgramming\GraphicsProgramming\Scene.cpp(1691,102): warning C4244: 'argument': conversion from 'GLdouble' to 'GLfloat', possible loss of data
E:\Files From External HDD\Abertay\Year 2\GraphicsProgramming\GraphicsProgramming\Scene.cpp(1691,72): warning C4244: 'argument': conversion from 'GLdouble' to 'GLfloat', possible loss of data
E:\Files From External HDD\Abertay\Year 2\GraphicsProgramming\GraphicsProgramming\Scene.cpp(1691,42): warning C4244: 'argument': conversion from 'GLdouble' to 'GLfloat', possible loss of data
E:\Files From External HDD\Abertay\Year 2\GraphicsProgramming\GraphicsProgramming\Scene.cpp(1705,29): warning C4305: 'argument': truncation from 'double' to 'GLfloat'
E:\Files From External HDD\Abertay\Year 2\GraphicsProgramming\GraphicsProgramming\Scene.cpp(1707,29): warning C4305: 'argument': truncation from 'double' to 'GLfloat'
E:\Files From External HDD\Abertay\Year 2\GraphicsProgramming\GraphicsProgramming\Scene.cpp(1709,28): warning C4305: 'argument': truncation from 'double' to 'GLfloat'
E:\Files From External HDD\Abertay\Year 2\GraphicsProgramming\GraphicsProgramming\Scene.cpp(1711,28): warning C4305: 'argument': truncation from 'double' to 'GLfloat'
E:\Files From External HDD\Abertay\Year 2\GraphicsProgramming\GraphicsProgramming\Scene.cpp(1721,29): warning C4305: 'argument': truncation from 'double' to 'GLfloat'
E:\Files From External HDD\Abertay\Year 2\GraphicsProgramming\GraphicsProgramming\Scene.cpp(1723,28): warning C4305: 'argument': truncation from 'double' to 'GLfloat'
E:\Files From External HDD\Abertay\Year 2\GraphicsProgramming\GraphicsProgramming\Scene.cpp(1733,26): warning C4305: 'argument': truncation from 'double' to 'GLfloat'
E:\Files From External HDD\Abertay\Year 2\GraphicsProgramming\GraphicsProgramming\Scene.cpp(1735,26): warning C4305: 'argument': truncation from 'double' to 'GLfloat'
E:\Files From External HDD\Abertay\Year 2\GraphicsProgramming\GraphicsProgramming\Scene.cpp(1737,29): warning C4305: 'argument': truncation from 'double' to 'GLfloat'
E:\Files From External HDD\Abertay\Year 2\GraphicsProgramming\GraphicsProgramming\Scene.cpp(1739,29): warning C4305: 'argument': truncation from 'double' to 'GLfloat'
E:\Files From External HDD\Abertay\Year 2\GraphicsProgramming\GraphicsProgramming\Scene.cpp(1747,28): warning C4305: 'argument': truncation from 'double' to 'GLfloat'
E:\Files From External HDD\Abertay\Year 2\GraphicsProgramming\GraphicsProgramming\Scene.cpp(1749,28): warning C4305: 'argument': truncation from 'double' to 'GLfloat'
E:\Files From External HDD\Abertay\Year 2\GraphicsProgramming\GraphicsProgramming\Scene.cpp(1751,29): warning C4305: 'argument': truncation from 'double' to 'GLfloat'
E:\Files From External HDD\Abertay\Year 2\GraphicsProgramming\GraphicsProgramming\Scene.cpp(1753,29): warning C4305: 'argument': truncation from 'double' to 'GLfloat'
E:\Files From External HDD\Abertay\Year 2\GraphicsProgramming\GraphicsProgramming\Scene.cpp(1762,29): warning C4305: 'argument': truncation from 'double' to 'GLfloat'
E:\Files From External HDD\Abertay\Year 2\GraphicsProgramming\GraphicsProgramming\Scene.cpp(1768,28): warning C4305: 'argument': truncation from 'double' to 'GLfloat'
E:\Files From External HDD\Abertay\Year 2\GraphicsProgramming\GraphicsProgramming\Scene.cpp(1776,29): warning C4305: 'argument': truncation from 'double' to 'GLfloat'
E:\Files From External HDD\Abertay\Year 2\GraphicsProgramming\GraphicsProgramming\Scene.cpp(1778,29): warning C4305: 'argument': truncation from 'double' to 'GLfloat'
E:\Files From External HDD\Abertay\Year 2\GraphicsProgramming\GraphicsProgramming\Scene.cpp(1780,26): warning C4305: 'argument': truncation from 'double' to 'GLfloat'
E:\Files From External HDD\Abertay\Year 2\GraphicsProgramming\GraphicsProgramming\Scene.cpp(1782,26): warning C4305: 'argument': truncation from 'double' to 'GLfloat'
  Shadow.cpp
E:\Files From External HDD\Abertay\Year 2\GraphicsProgramming\GraphicsProgramming\Shadow.cpp(73,20): warning C4018: '<': signed/unsigned mismatch
E:\Files From External HDD\Abertay\Year 2\GraphicsProgramming\GraphicsProgramming\Shadow.cpp(81,10): warning C4018: '>=': signed/unsigned mismatch
  Shape.cpp
  Sphere.cpp
E:\Files From External HDD\Abertay\Year 2\GraphicsProgramming\GraphicsProgramming\Sphere.h(14,11): warning C4305: 'initializing': truncation from 'double' to 'float'
E:\Files From External HDD\Abertay\Year 2\GraphicsProgramming\GraphicsProgramming\Sphere.cpp(43,29): warning C4244: '=': conversion from 'double' to 'float', possible loss of data
E:\Files From External HDD\Abertay\Year 2\GraphicsProgramming\GraphicsProgramming\Sphere.cpp(44,16): warning C4244: '=': conversion from 'double' to 'float', possible loss of data
E:\Files From External HDD\Abertay\Year 2\GraphicsProgramming\GraphicsProgramming\Sphere.cpp(45,30): warning C4244: '=': conversion from 'double' to 'float', possible loss of data
E:\Files From External HDD\Abertay\Year 2\GraphicsProgramming\GraphicsProgramming\Sphere.cpp(59,36): warning C4244: '=': conversion from 'double' to 'float', possible loss of data
E:\Files From External HDD\Abertay\Year 2\GraphicsProgramming\GraphicsProgramming\Sphere.cpp(60,16): warning C4244: '=': conversion from 'double' to 'float', possible loss of data
E:\Files From External HDD\Abertay\Year 2\GraphicsProgramming\GraphicsProgramming\Sphere.cpp(61,36): warning C4244: '=': conversion from 'double' to 'float', possible loss of data
E:\Files From External HDD\Abertay\Year 2\GraphicsProgramming\GraphicsProgramming\Sphere.cpp(75,38): warning C4244: '=': conversion from 'double' to 'float', possible loss of data
E:\Files From External HDD\Abertay\Year 2\GraphicsProgramming\GraphicsProgramming\Sphere.cpp(76,16): warning C4244: '=': conversion from 'double' to 'float', possible loss of data
E:\Files From External HDD\Abertay\Year 2\GraphicsProgramming\GraphicsProgramming\Sphere.cpp(77,38): warning C4244: '=': conversion from 'double' to 'float', possible loss of data
E:\Files From External HDD\Abertay\Year 2\GraphicsProgramming\GraphicsProgramming\Sphere.cpp(92,30): warning C4244: '=': conversion from 'double' to 'float', possible loss of data
E:\Files From External HDD\Abertay\Year 2\GraphicsProgramming\GraphicsProgramming\Sphere.cpp(93,16): warning C4244: '=': conversion from 'double' to 'float', possible loss of data
E:\Files From External HDD\Abertay\Year 2\GraphicsProgramming\GraphicsProgramming\Sphere.cpp(94,30): warning C4244: '=': conversion from 'double' to 'float', possible loss of data
  Vector3.cpp
  Generating Code...
SOIL.lib(image_DXT.obj) : warning LNK4099: PDB 'SOIL.pdb' was not found with 'SOIL.lib(image_DXT.obj)' or at 'E:\Files From External HDD\Abertay\Year 2\GraphicsProgramming\Debug\SOIL.pdb'; linking object as if no debug info
SOIL.lib(image_helper.obj) : warning LNK4099: PDB 'SOIL.pdb' was not found with 'SOIL.lib(image_helper.obj)' or at 'E:\Files From External HDD\Abertay\Year 2\GraphicsProgramming\Debug\SOIL.pdb'; linking object as if no debug info
SOIL.lib(SOIL.obj) : warning LNK4099: PDB '' was not found with 'SOIL.lib(SOIL.obj)' or at ''; linking object as if no debug info
SOIL.lib(stb_image_aug.obj) : warning LNK4099: PDB 'SOIL.pdb' was not found with 'SOIL.lib(stb_image_aug.obj)' or at 'E:\Files From External HDD\Abertay\Year 2\GraphicsProgramming\Debug\SOIL.pdb'; linking object as if no debug info
  GraphicsProgramming.vcxproj -> E:\Files From External HDD\Abertay\Year 2\GraphicsProgramming\Debug\GraphicsProgramming.exe
