  Camera.cpp
F:\Year 2\Graphics Programming\Coursework\CMP203-Framework-master\GraphicsProgramming\GraphicsProgramming\Camera.cpp(190,24): warning C4552:  '*': result of expression not used
F:\Year 2\Graphics Programming\Coursework\CMP203-Framework-master\GraphicsProgramming\GraphicsProgramming\Camera.cpp(194,24): warning C4552:  '*': result of expression not used
F:\Year 2\Graphics Programming\Coursework\CMP203-Framework-master\GraphicsProgramming\GraphicsProgramming\Camera.cpp(198,22): warning C4552:  '*': result of expression not used
F:\Year 2\Graphics Programming\Coursework\CMP203-Framework-master\GraphicsProgramming\GraphicsProgramming\Camera.cpp(203,22): warning C4552:  '*': result of expression not used
F:\Year 2\Graphics Programming\Coursework\CMP203-Framework-master\GraphicsProgramming\GraphicsProgramming\Camera.cpp(211,15): warning C4244:  '+=': conversion from 'double' to 'float', possible loss of data
  Cube.cpp
F:\Year 2\Graphics Programming\Coursework\CMP203-Framework-master\GraphicsProgramming\GraphicsProgramming\Camera.cpp(215,17): warning C4244:  '+=': conversion from 'double' to 'float', possible loss of data
F:\Year 2\Graphics Programming\Coursework\CMP203-Framework-master\GraphicsProgramming\GraphicsProgramming\Cube.cpp(36,9): warning C4244:  '=': conversion from 'int' to 'float', possible loss of data
F:\Year 2\Graphics Programming\Coursework\CMP203-Framework-master\GraphicsProgramming\GraphicsProgramming\Cube.cpp(36,17): warning C4244:  '=': conversion from 'int' to 'float', possible loss of data
F:\Year 2\Graphics Programming\Coursework\CMP203-Framework-master\GraphicsProgramming\GraphicsProgramming\Cube.cpp(60,11): warning C4244:  '=': conversion from 'int' to 'float', possible loss of data
F:\Year 2\Graphics Programming\Coursework\CMP203-Framework-master\GraphicsProgramming\GraphicsProgramming\Cube.cpp(60,21): warning C4244:  '=': conversion from 'int' to 'float', possible loss of data
F:\Year 2\Graphics Programming\Coursework\CMP203-Framework-master\GraphicsProgramming\GraphicsProgramming\Cube.cpp(84,11): warning C4244:  '=': conversion from 'int' to 'float', possible loss of data
F:\Year 2\Graphics Programming\Coursework\CMP203-Framework-master\GraphicsProgramming\GraphicsProgramming\Cube.cpp(84,23): warning C4244:  '=': conversion from 'int' to 'float', possible loss of data
F:\Year 2\Graphics Programming\Coursework\CMP203-Framework-master\GraphicsProgramming\GraphicsProgramming\Cube.cpp(108,9): warning C4244:  '=': conversion from 'int' to 'float', possible loss of data
  Cylinder.cpp
F:\Year 2\Graphics Programming\Coursework\CMP203-Framework-master\GraphicsProgramming\GraphicsProgramming\Cube.cpp(108,19): warning C4244:  '=': conversion from 'int' to 'float', possible loss of data
F:\Year 2\Graphics Programming\Coursework\CMP203-Framework-master\GraphicsProgramming\GraphicsProgramming\Cylinder.h(14,19): warning C4305:  'initializing': truncation from 'double' to 'float'
F:\Year 2\Graphics Programming\Coursework\CMP203-Framework-master\GraphicsProgramming\GraphicsProgramming\Cylinder.cpp(34,59): warning C4244:  'argument': conversion from 'double' to 'GLfloat', possible loss of data
F:\Year 2\Graphics Programming\Coursework\CMP203-Framework-master\GraphicsProgramming\GraphicsProgramming\Cylinder.cpp(34,34): warning C4244:  'argument': conversion from 'double' to 'GLfloat', possible loss of data
F:\Year 2\Graphics Programming\Coursework\CMP203-Framework-master\GraphicsProgramming\GraphicsProgramming\Cylinder.cpp(37,15): warning C4244:  '=': conversion from 'double' to 'float', possible loss of data
F:\Year 2\Graphics Programming\Coursework\CMP203-Framework-master\GraphicsProgramming\GraphicsProgramming\Cylinder.cpp(38,15): warning C4244:  '=': conversion from 'double' to 'float', possible loss of data
F:\Year 2\Graphics Programming\Coursework\CMP203-Framework-master\GraphicsProgramming\GraphicsProgramming\Cylinder.cpp(41,81): warning C4244:  'argument': conversion from 'double' to 'GLfloat', possible loss of data
F:\Year 2\Graphics Programming\Coursework\CMP203-Framework-master\GraphicsProgramming\GraphicsProgramming\Cylinder.cpp(41,45): warning C4244:  'argument': conversion from 'double' to 'GLfloat', possible loss of data
F:\Year 2\Graphics Programming\Coursework\CMP203-Framework-master\GraphicsProgramming\GraphicsProgramming\Cylinder.cpp(48,15): warning C4244:  '=': conversion from 'double' to 'float', possible loss of data
F:\Year 2\Graphics Programming\Coursework\CMP203-Framework-master\GraphicsProgramming\GraphicsProgramming\Cylinder.cpp(49,15): warning C4244:  '=': conversion from 'double' to 'float', possible loss of data
F:\Year 2\Graphics Programming\Coursework\CMP203-Framework-master\GraphicsProgramming\GraphicsProgramming\Cylinder.cpp(62,16): warning C4244:  '=': conversion from 'double' to 'float', possible loss of data
F:\Year 2\Graphics Programming\Coursework\CMP203-Framework-master\GraphicsProgramming\GraphicsProgramming\Cylinder.cpp(63,16): warning C4244:  '=': conversion from 'double' to 'float', possible loss of data
F:\Year 2\Graphics Programming\Coursework\CMP203-Framework-master\GraphicsProgramming\GraphicsProgramming\Cylinder.cpp(64,10): warning C4244:  '=': conversion from 'int' to 'float', possible loss of data
F:\Year 2\Graphics Programming\Coursework\CMP203-Framework-master\GraphicsProgramming\GraphicsProgramming\Cylinder.cpp(73,16): warning C4244:  '=': conversion from 'double' to 'float', possible loss of data
F:\Year 2\Graphics Programming\Coursework\CMP203-Framework-master\GraphicsProgramming\GraphicsProgramming\Cylinder.cpp(74,16): warning C4244:  '=': conversion from 'double' to 'float', possible loss of data
F:\Year 2\Graphics Programming\Coursework\CMP203-Framework-master\GraphicsProgramming\GraphicsProgramming\Cylinder.cpp(75,10): warning C4244:  '=': conversion from 'int' to 'float', possible loss of data
F:\Year 2\Graphics Programming\Coursework\CMP203-Framework-master\GraphicsProgramming\GraphicsProgramming\Cylinder.cpp(85,16): warning C4244:  '=': conversion from 'double' to 'float', possible loss of data
F:\Year 2\Graphics Programming\Coursework\CMP203-Framework-master\GraphicsProgramming\GraphicsProgramming\Cylinder.cpp(86,16): warning C4244:  '=': conversion from 'double' to 'float', possible loss of data
F:\Year 2\Graphics Programming\Coursework\CMP203-Framework-master\GraphicsProgramming\GraphicsProgramming\Cylinder.cpp(87,11): warning C4244:  '=': conversion from 'int' to 'float', possible loss of data
F:\Year 2\Graphics Programming\Coursework\CMP203-Framework-master\GraphicsProgramming\GraphicsProgramming\Cylinder.cpp(96,16): warning C4244:  '=': conversion from 'double' to 'float', possible loss of data
F:\Year 2\Graphics Programming\Coursework\CMP203-Framework-master\GraphicsProgramming\GraphicsProgramming\Cylinder.cpp(97,16): warning C4244:  '=': conversion from 'double' to 'float', possible loss of data
F:\Year 2\Graphics Programming\Coursework\CMP203-Framework-master\GraphicsProgramming\GraphicsProgramming\Cylinder.cpp(98,11): warning C4244:  '=': conversion from 'int' to 'float', possible loss of data
F:\Year 2\Graphics Programming\Coursework\CMP203-Framework-master\GraphicsProgramming\GraphicsProgramming\Cylinder.cpp(122,20): warning C4244:  'argument': conversion from 'int' to 'GLfloat', possible loss of data
F:\Year 2\Graphics Programming\Coursework\CMP203-Framework-master\GraphicsProgramming\GraphicsProgramming\Cylinder.cpp(125,59): warning C4244:  'argument': conversion from 'double' to 'GLfloat', possible loss of data
F:\Year 2\Graphics Programming\Coursework\CMP203-Framework-master\GraphicsProgramming\GraphicsProgramming\Cylinder.cpp(125,34): warning C4244:  'argument': conversion from 'double' to 'GLfloat', possible loss of data
F:\Year 2\Graphics Programming\Coursework\CMP203-Framework-master\GraphicsProgramming\GraphicsProgramming\Cylinder.cpp(126,22): warning C4244:  'argument': conversion from 'int' to 'GLfloat', possible loss of data
F:\Year 2\Graphics Programming\Coursework\CMP203-Framework-master\GraphicsProgramming\GraphicsProgramming\Cylinder.cpp(128,15): warning C4244:  '=': conversion from 'double' to 'float', possible loss of data
F:\Year 2\Graphics Programming\Coursework\CMP203-Framework-master\GraphicsProgramming\GraphicsProgramming\Cylinder.cpp(129,15): warning C4244:  '=': conversion from 'double' to 'float', possible loss of data
F:\Year 2\Graphics Programming\Coursework\CMP203-Framework-master\GraphicsProgramming\GraphicsProgramming\Cylinder.cpp(132,81): warning C4244:  'argument': conversion from 'double' to 'GLfloat', possible loss of data
F:\Year 2\Graphics Programming\Coursework\CMP203-Framework-master\GraphicsProgramming\GraphicsProgramming\Cylinder.cpp(132,45): warning C4244:  'argument': conversion from 'double' to 'GLfloat', possible loss of data
F:\Year 2\Graphics Programming\Coursework\CMP203-Framework-master\GraphicsProgramming\GraphicsProgramming\Cylinder.cpp(133,22): warning C4244:  'argument': conversion from 'int' to 'GLfloat', possible loss of data
F:\Year 2\Graphics Programming\Coursework\CMP203-Framework-master\GraphicsProgramming\GraphicsProgramming\Cylinder.cpp(139,15): warning C4244:  '=': conversion from 'double' to 'float', possible loss of data
  Main.cpp
F:\Year 2\Graphics Programming\Coursework\CMP203-Framework-master\GraphicsProgramming\GraphicsProgramming\Cylinder.cpp(140,15): warning C4244:  '=': conversion from 'double' to 'float', possible loss of data
F:\Year 2\Graphics Programming\Coursework\CMP203-Framework-master\GraphicsProgramming\GraphicsProgramming\Cylinder.h(14,19): warning C4305:  'initializing': truncation from 'double' to 'float'
F:\Year 2\Graphics Programming\Coursework\CMP203-Framework-master\GraphicsProgramming\GraphicsProgramming\Disc.h(14,34): warning C4305:  'initializing': truncation from 'double' to 'float'
  Model.cpp
F:\Year 2\Graphics Programming\Coursework\CMP203-Framework-master\GraphicsProgramming\GraphicsProgramming\Sphere.h(11,19): warning C4305:  'initializing': truncation from 'double' to 'float'
F:\Year 2\Graphics Programming\Coursework\CMP203-Framework-master\GraphicsProgramming\GraphicsProgramming\Model.cpp(43,20): warning C4018:  '<': signed/unsigned mismatch
F:\Year 2\Graphics Programming\Coursework\CMP203-Framework-master\GraphicsProgramming\GraphicsProgramming\Model.cpp(127,20): warning C4018:  '<': signed/unsigned mismatch
F:\Year 2\Graphics Programming\Coursework\CMP203-Framework-master\GraphicsProgramming\GraphicsProgramming\Model.cpp(129,15): warning C4244:  'initializing': conversion from '_Ty' to 'float', possible loss of data
F:\Year 2\Graphics Programming\Coursework\CMP203-Framework-master\GraphicsProgramming\GraphicsProgramming\Model.cpp(129,15): warning C4244:         with
F:\Year 2\Graphics Programming\Coursework\CMP203-Framework-master\GraphicsProgramming\GraphicsProgramming\Model.cpp(129,15): warning C4244:         [
F:\Year 2\Graphics Programming\Coursework\CMP203-Framework-master\GraphicsProgramming\GraphicsProgramming\Model.cpp(129,15): warning C4244:             _Ty=unsigned int
F:\Year 2\Graphics Programming\Coursework\CMP203-Framework-master\GraphicsProgramming\GraphicsProgramming\Model.cpp(129,15): warning C4244:         ]
F:\Year 2\Graphics Programming\Coursework\CMP203-Framework-master\GraphicsProgramming\GraphicsProgramming\Model.cpp(132,28): warning C4244:  'argument': conversion from 'float' to 'const unsigned int', possible loss of data
F:\Year 2\Graphics Programming\Coursework\CMP203-Framework-master\GraphicsProgramming\GraphicsProgramming\Model.cpp(133,28): warning C4244:  'argument': conversion from 'float' to 'const unsigned int', possible loss of data
  Scene.cpp
F:\Year 2\Graphics Programming\Coursework\CMP203-Framework-master\GraphicsProgramming\GraphicsProgramming\Model.cpp(134,28): warning C4244:  'argument': conversion from 'float' to 'const unsigned int', possible loss of data
F:\Year 2\Graphics Programming\Coursework\CMP203-Framework-master\GraphicsProgramming\GraphicsProgramming\Cylinder.h(14,19): warning C4305:  'initializing': truncation from 'double' to 'float'
F:\Year 2\Graphics Programming\Coursework\CMP203-Framework-master\GraphicsProgramming\GraphicsProgramming\Disc.h(14,34): warning C4305:  'initializing': truncation from 'double' to 'float'
F:\Year 2\Graphics Programming\Coursework\CMP203-Framework-master\GraphicsProgramming\GraphicsProgramming\Sphere.h(11,19): warning C4305:  'initializing': truncation from 'double' to 'float'
F:\Year 2\Graphics Programming\Coursework\CMP203-Framework-master\GraphicsProgramming\GraphicsProgramming\Scene.cpp(119,27): warning C4244:  'argument': conversion from 'float' to 'int', possible loss of data
F:\Year 2\Graphics Programming\Coursework\CMP203-Framework-master\GraphicsProgramming\GraphicsProgramming\Scene.cpp(119,18): warning C4244:  'argument': conversion from 'float' to 'int', possible loss of data
F:\Year 2\Graphics Programming\Coursework\CMP203-Framework-master\GraphicsProgramming\GraphicsProgramming\Scene.cpp(135,18): warning C4244:  '=': conversion from 'int' to 'float', possible loss of data
F:\Year 2\Graphics Programming\Coursework\CMP203-Framework-master\GraphicsProgramming\GraphicsProgramming\Scene.cpp(136,19): warning C4244:  '=': conversion from 'int' to 'float', possible loss of data
F:\Year 2\Graphics Programming\Coursework\CMP203-Framework-master\GraphicsProgramming\GraphicsProgramming\Scene.cpp(210,29): warning C4244:  'argument': conversion from 'float' to 'int', possible loss of data
F:\Year 2\Graphics Programming\Coursework\CMP203-Framework-master\GraphicsProgramming\GraphicsProgramming\Scene.cpp(210,20): warning C4244:  'argument': conversion from 'float' to 'int', possible loss of data
F:\Year 2\Graphics Programming\Coursework\CMP203-Framework-master\GraphicsProgramming\GraphicsProgramming\Scene.cpp(211,32): warning C4244:  'argument': conversion from 'float' to 'int', possible loss of data
F:\Year 2\Graphics Programming\Coursework\CMP203-Framework-master\GraphicsProgramming\GraphicsProgramming\Scene.cpp(211,23): warning C4244:  'argument': conversion from 'float' to 'int', possible loss of data
F:\Year 2\Graphics Programming\Coursework\CMP203-Framework-master\GraphicsProgramming\GraphicsProgramming\Scene.cpp(231,29): warning C4244:  'argument': conversion from 'float' to 'int', possible loss of data
F:\Year 2\Graphics Programming\Coursework\CMP203-Framework-master\GraphicsProgramming\GraphicsProgramming\Scene.cpp(231,20): warning C4244:  'argument': conversion from 'float' to 'int', possible loss of data
F:\Year 2\Graphics Programming\Coursework\CMP203-Framework-master\GraphicsProgramming\GraphicsProgramming\Scene.cpp(232,32): warning C4244:  'argument': conversion from 'float' to 'int', possible loss of data
F:\Year 2\Graphics Programming\Coursework\CMP203-Framework-master\GraphicsProgramming\GraphicsProgramming\Scene.cpp(232,23): warning C4244:  'argument': conversion from 'float' to 'int', possible loss of data
F:\Year 2\Graphics Programming\Coursework\CMP203-Framework-master\GraphicsProgramming\GraphicsProgramming\Scene.cpp(373,16): warning C4305:  '+=': truncation from 'double' to 'float'
F:\Year 2\Graphics Programming\Coursework\CMP203-Framework-master\GraphicsProgramming\GraphicsProgramming\Scene.cpp(394,17): warning C4305:  '+=': truncation from 'double' to 'float'
F:\Year 2\Graphics Programming\Coursework\CMP203-Framework-master\GraphicsProgramming\GraphicsProgramming\Scene.cpp(415,17): warning C4305:  '+=': truncation from 'double' to 'float'
F:\Year 2\Graphics Programming\Coursework\CMP203-Framework-master\GraphicsProgramming\GraphicsProgramming\Scene.cpp(442,17): warning C4305:  '+=': truncation from 'double' to 'float'
F:\Year 2\Graphics Programming\Coursework\CMP203-Framework-master\GraphicsProgramming\GraphicsProgramming\Scene.cpp(447,17): warning C4305:  '-=': truncation from 'double' to 'float'
F:\Year 2\Graphics Programming\Coursework\CMP203-Framework-master\GraphicsProgramming\GraphicsProgramming\Scene.cpp(470,17): warning C4305:  '+=': truncation from 'double' to 'float'
F:\Year 2\Graphics Programming\Coursework\CMP203-Framework-master\GraphicsProgramming\GraphicsProgramming\Scene.cpp(475,17): warning C4305:  '-=': truncation from 'double' to 'float'
F:\Year 2\Graphics Programming\Coursework\CMP203-Framework-master\GraphicsProgramming\GraphicsProgramming\Scene.cpp(498,17): warning C4305:  '+=': truncation from 'double' to 'float'
F:\Year 2\Graphics Programming\Coursework\CMP203-Framework-master\GraphicsProgramming\GraphicsProgramming\Scene.cpp(503,17): warning C4305:  '-=': truncation from 'double' to 'float'
F:\Year 2\Graphics Programming\Coursework\CMP203-Framework-master\GraphicsProgramming\GraphicsProgramming\Scene.cpp(571,35): warning C4305:  'initializing': truncation from 'double' to 'GLfloat'
F:\Year 2\Graphics Programming\Coursework\CMP203-Framework-master\GraphicsProgramming\GraphicsProgramming\Scene.cpp(572,40): warning C4305:  'initializing': truncation from 'double' to 'GLfloat'
F:\Year 2\Graphics Programming\Coursework\CMP203-Framework-master\GraphicsProgramming\GraphicsProgramming\Scene.cpp(599,34): warning C4305:  'initializing': truncation from 'double' to 'GLfloat'
F:\Year 2\Graphics Programming\Coursework\CMP203-Framework-master\GraphicsProgramming\GraphicsProgramming\Scene.cpp(600,39): warning C4305:  'initializing': truncation from 'double' to 'GLfloat'
F:\Year 2\Graphics Programming\Coursework\CMP203-Framework-master\GraphicsProgramming\GraphicsProgramming\Scene.cpp(624,34): warning C4305:  'argument': truncation from 'double' to 'GLfloat'
F:\Year 2\Graphics Programming\Coursework\CMP203-Framework-master\GraphicsProgramming\GraphicsProgramming\Scene.cpp(685,26): warning C4305:  'argument': truncation from 'double' to 'GLfloat'
F:\Year 2\Graphics Programming\Coursework\CMP203-Framework-master\GraphicsProgramming\GraphicsProgramming\Scene.cpp(694,27): warning C4305:  'argument': truncation from 'double' to 'GLfloat'
F:\Year 2\Graphics Programming\Coursework\CMP203-Framework-master\GraphicsProgramming\GraphicsProgramming\Scene.cpp(797,25): warning C4305:  'argument': truncation from 'double' to 'GLfloat'
F:\Year 2\Graphics Programming\Coursework\CMP203-Framework-master\GraphicsProgramming\GraphicsProgramming\Scene.cpp(888,25): warning C4305:  'argument': truncation from 'double' to 'GLfloat'
F:\Year 2\Graphics Programming\Coursework\CMP203-Framework-master\GraphicsProgramming\GraphicsProgramming\Scene.cpp(973,46): warning C4305:  'initializing': truncation from 'double' to 'GLfloat'
F:\Year 2\Graphics Programming\Coursework\CMP203-Framework-master\GraphicsProgramming\GraphicsProgramming\Scene.cpp(1002,26): warning C4305:  'argument': truncation from 'double' to 'GLfloat'
F:\Year 2\Graphics Programming\Coursework\CMP203-Framework-master\GraphicsProgramming\GraphicsProgramming\Scene.cpp(1049,26): warning C4305:  'argument': truncation from 'double' to 'GLfloat'
F:\Year 2\Graphics Programming\Coursework\CMP203-Framework-master\GraphicsProgramming\GraphicsProgramming\Scene.cpp(1059,45): warning C4305:  'initializing': truncation from 'double' to 'GLfloat'
F:\Year 2\Graphics Programming\Coursework\CMP203-Framework-master\GraphicsProgramming\GraphicsProgramming\Scene.cpp(1064,34): warning C4305:  'initializing': truncation from 'double' to 'GLfloat'
F:\Year 2\Graphics Programming\Coursework\CMP203-Framework-master\GraphicsProgramming\GraphicsProgramming\Scene.cpp(1083,28): warning C4305:  'argument': truncation from 'double' to 'GLfloat'
F:\Year 2\Graphics Programming\Coursework\CMP203-Framework-master\GraphicsProgramming\GraphicsProgramming\Scene.cpp(1103,46): warning C4305:  'initializing': truncation from 'double' to 'GLfloat'
F:\Year 2\Graphics Programming\Coursework\CMP203-Framework-master\GraphicsProgramming\GraphicsProgramming\Scene.cpp(1107,35): warning C4305:  'initializing': truncation from 'double' to 'GLfloat'
F:\Year 2\Graphics Programming\Coursework\CMP203-Framework-master\GraphicsProgramming\GraphicsProgramming\Scene.cpp(1124,28): warning C4305:  'argument': truncation from 'double' to 'GLfloat'
F:\Year 2\Graphics Programming\Coursework\CMP203-Framework-master\GraphicsProgramming\GraphicsProgramming\Scene.cpp(1144,46): warning C4305:  'initializing': truncation from 'double' to 'GLfloat'
F:\Year 2\Graphics Programming\Coursework\CMP203-Framework-master\GraphicsProgramming\GraphicsProgramming\Scene.cpp(1148,35): warning C4305:  'initializing': truncation from 'double' to 'GLfloat'
F:\Year 2\Graphics Programming\Coursework\CMP203-Framework-master\GraphicsProgramming\GraphicsProgramming\Scene.cpp(1165,28): warning C4305:  'argument': truncation from 'double' to 'GLfloat'
F:\Year 2\Graphics Programming\Coursework\CMP203-Framework-master\GraphicsProgramming\GraphicsProgramming\Scene.cpp(1199,35): warning C4305:  'argument': truncation from 'double' to 'GLfloat'
F:\Year 2\Graphics Programming\Coursework\CMP203-Framework-master\GraphicsProgramming\GraphicsProgramming\Scene.cpp(1247,31): warning C4305:  'argument': truncation from 'double' to 'GLfloat'
F:\Year 2\Graphics Programming\Coursework\CMP203-Framework-master\GraphicsProgramming\GraphicsProgramming\Scene.cpp(1268,26): warning C4305:  'argument': truncation from 'double' to 'GLfloat'
F:\Year 2\Graphics Programming\Coursework\CMP203-Framework-master\GraphicsProgramming\GraphicsProgramming\Scene.cpp(1298,26): warning C4305:  '=': truncation from 'double' to 'GLfloat'
F:\Year 2\Graphics Programming\Coursework\CMP203-Framework-master\GraphicsProgramming\GraphicsProgramming\Scene.cpp(1317,28): warning C4305:  'argument': truncation from 'double' to 'GLfloat'
F:\Year 2\Graphics Programming\Coursework\CMP203-Framework-master\GraphicsProgramming\GraphicsProgramming\Scene.cpp(1356,27): warning C4305:  '=': truncation from 'double' to 'GLfloat'
F:\Year 2\Graphics Programming\Coursework\CMP203-Framework-master\GraphicsProgramming\GraphicsProgramming\Scene.cpp(1373,28): warning C4305:  'argument': truncation from 'double' to 'GLfloat'
F:\Year 2\Graphics Programming\Coursework\CMP203-Framework-master\GraphicsProgramming\GraphicsProgramming\Scene.cpp(1412,27): warning C4305:  '=': truncation from 'double' to 'GLfloat'
F:\Year 2\Graphics Programming\Coursework\CMP203-Framework-master\GraphicsProgramming\GraphicsProgramming\Scene.cpp(1430,28): warning C4305:  'argument': truncation from 'double' to 'GLfloat'
F:\Year 2\Graphics Programming\Coursework\CMP203-Framework-master\GraphicsProgramming\GraphicsProgramming\Scene.cpp(1469,32): warning C4305:  'argument': truncation from 'double' to 'GLfloat'
F:\Year 2\Graphics Programming\Coursework\CMP203-Framework-master\GraphicsProgramming\GraphicsProgramming\Scene.cpp(1614,81): warning C4244:  'argument': conversion from 'GLdouble' to 'GLfloat', possible loss of data
F:\Year 2\Graphics Programming\Coursework\CMP203-Framework-master\GraphicsProgramming\GraphicsProgramming\Scene.cpp(1614,58): warning C4244:  'argument': conversion from 'GLdouble' to 'GLfloat', possible loss of data
F:\Year 2\Graphics Programming\Coursework\CMP203-Framework-master\GraphicsProgramming\GraphicsProgramming\Scene.cpp(1614,35): warning C4244:  'argument': conversion from 'GLdouble' to 'GLfloat', possible loss of data
F:\Year 2\Graphics Programming\Coursework\CMP203-Framework-master\GraphicsProgramming\GraphicsProgramming\Scene.cpp(1619,84): warning C4244:  'argument': conversion from 'GLdouble' to 'GLfloat', possible loss of data
F:\Year 2\Graphics Programming\Coursework\CMP203-Framework-master\GraphicsProgramming\GraphicsProgramming\Scene.cpp(1619,60): warning C4244:  'argument': conversion from 'GLdouble' to 'GLfloat', possible loss of data
F:\Year 2\Graphics Programming\Coursework\CMP203-Framework-master\GraphicsProgramming\GraphicsProgramming\Scene.cpp(1619,36): warning C4244:  'argument': conversion from 'GLdouble' to 'GLfloat', possible loss of data
F:\Year 2\Graphics Programming\Coursework\CMP203-Framework-master\GraphicsProgramming\GraphicsProgramming\Scene.cpp(1624,87): warning C4244:  'argument': conversion from 'GLdouble' to 'GLfloat', possible loss of data
F:\Year 2\Graphics Programming\Coursework\CMP203-Framework-master\GraphicsProgramming\GraphicsProgramming\Scene.cpp(1624,62): warning C4244:  'argument': conversion from 'GLdouble' to 'GLfloat', possible loss of data
F:\Year 2\Graphics Programming\Coursework\CMP203-Framework-master\GraphicsProgramming\GraphicsProgramming\Scene.cpp(1624,37): warning C4244:  'argument': conversion from 'GLdouble' to 'GLfloat', possible loss of data
F:\Year 2\Graphics Programming\Coursework\CMP203-Framework-master\GraphicsProgramming\GraphicsProgramming\Scene.cpp(1630,102): warning C4244:  'argument': conversion from 'GLdouble' to 'GLfloat', possible loss of data
F:\Year 2\Graphics Programming\Coursework\CMP203-Framework-master\GraphicsProgramming\GraphicsProgramming\Scene.cpp(1630,72): warning C4244:  'argument': conversion from 'GLdouble' to 'GLfloat', possible loss of data
F:\Year 2\Graphics Programming\Coursework\CMP203-Framework-master\GraphicsProgramming\GraphicsProgramming\Scene.cpp(1630,42): warning C4244:  'argument': conversion from 'GLdouble' to 'GLfloat', possible loss of data
F:\Year 2\Graphics Programming\Coursework\CMP203-Framework-master\GraphicsProgramming\GraphicsProgramming\Scene.cpp(1643,29): warning C4305:  'argument': truncation from 'double' to 'GLfloat'
F:\Year 2\Graphics Programming\Coursework\CMP203-Framework-master\GraphicsProgramming\GraphicsProgramming\Scene.cpp(1645,29): warning C4305:  'argument': truncation from 'double' to 'GLfloat'
F:\Year 2\Graphics Programming\Coursework\CMP203-Framework-master\GraphicsProgramming\GraphicsProgramming\Scene.cpp(1647,28): warning C4305:  'argument': truncation from 'double' to 'GLfloat'
F:\Year 2\Graphics Programming\Coursework\CMP203-Framework-master\GraphicsProgramming\GraphicsProgramming\Scene.cpp(1649,28): warning C4305:  'argument': truncation from 'double' to 'GLfloat'
F:\Year 2\Graphics Programming\Coursework\CMP203-Framework-master\GraphicsProgramming\GraphicsProgramming\Scene.cpp(1659,29): warning C4305:  'argument': truncation from 'double' to 'GLfloat'
F:\Year 2\Graphics Programming\Coursework\CMP203-Framework-master\GraphicsProgramming\GraphicsProgramming\Scene.cpp(1661,28): warning C4305:  'argument': truncation from 'double' to 'GLfloat'
F:\Year 2\Graphics Programming\Coursework\CMP203-Framework-master\GraphicsProgramming\GraphicsProgramming\Scene.cpp(1671,26): warning C4305:  'argument': truncation from 'double' to 'GLfloat'
F:\Year 2\Graphics Programming\Coursework\CMP203-Framework-master\GraphicsProgramming\GraphicsProgramming\Scene.cpp(1673,26): warning C4305:  'argument': truncation from 'double' to 'GLfloat'
F:\Year 2\Graphics Programming\Coursework\CMP203-Framework-master\GraphicsProgramming\GraphicsProgramming\Scene.cpp(1675,29): warning C4305:  'argument': truncation from 'double' to 'GLfloat'
F:\Year 2\Graphics Programming\Coursework\CMP203-Framework-master\GraphicsProgramming\GraphicsProgramming\Scene.cpp(1677,29): warning C4305:  'argument': truncation from 'double' to 'GLfloat'
F:\Year 2\Graphics Programming\Coursework\CMP203-Framework-master\GraphicsProgramming\GraphicsProgramming\Scene.cpp(1685,28): warning C4305:  'argument': truncation from 'double' to 'GLfloat'
F:\Year 2\Graphics Programming\Coursework\CMP203-Framework-master\GraphicsProgramming\GraphicsProgramming\Scene.cpp(1687,28): warning C4305:  'argument': truncation from 'double' to 'GLfloat'
F:\Year 2\Graphics Programming\Coursework\CMP203-Framework-master\GraphicsProgramming\GraphicsProgramming\Scene.cpp(1689,29): warning C4305:  'argument': truncation from 'double' to 'GLfloat'
F:\Year 2\Graphics Programming\Coursework\CMP203-Framework-master\GraphicsProgramming\GraphicsProgramming\Scene.cpp(1691,29): warning C4305:  'argument': truncation from 'double' to 'GLfloat'
F:\Year 2\Graphics Programming\Coursework\CMP203-Framework-master\GraphicsProgramming\GraphicsProgramming\Scene.cpp(1700,29): warning C4305:  'argument': truncation from 'double' to 'GLfloat'
F:\Year 2\Graphics Programming\Coursework\CMP203-Framework-master\GraphicsProgramming\GraphicsProgramming\Scene.cpp(1706,28): warning C4305:  'argument': truncation from 'double' to 'GLfloat'
F:\Year 2\Graphics Programming\Coursework\CMP203-Framework-master\GraphicsProgramming\GraphicsProgramming\Scene.cpp(1714,29): warning C4305:  'argument': truncation from 'double' to 'GLfloat'
F:\Year 2\Graphics Programming\Coursework\CMP203-Framework-master\GraphicsProgramming\GraphicsProgramming\Scene.cpp(1716,29): warning C4305:  'argument': truncation from 'double' to 'GLfloat'
F:\Year 2\Graphics Programming\Coursework\CMP203-Framework-master\GraphicsProgramming\GraphicsProgramming\Scene.cpp(1718,26): warning C4305:  'argument': truncation from 'double' to 'GLfloat'
F:\Year 2\Graphics Programming\Coursework\CMP203-Framework-master\GraphicsProgramming\GraphicsProgramming\Scene.cpp(1720,26): warning C4305:  'argument': truncation from 'double' to 'GLfloat'
SOIL.lib(SOIL.obj) : warning LNK4075: ignoring '/EDITANDCONTINUE' due to '/OPT:ICF' specification
LINK : warning LNK4098: defaultlib 'MSVCRTD' conflicts with use of other libs; use /NODEFAULTLIB:library
  Generating code
  242 of 242 functions (100.0%) were compiled.
    14 functions were new in current compilation
    0 functions had inline decision re-evaluated but remain unchanged
  Finished generating code
SOIL.lib(image_DXT.obj) : warning LNK4099: PDB 'SOIL.pdb' was not found with 'SOIL.lib(image_DXT.obj)' or at 'F:\Year 2\Graphics Programming\Coursework\CMP203-Framework-master\GraphicsProgramming\Release\SOIL.pdb'; linking object as if no debug info
SOIL.lib(image_helper.obj) : warning LNK4099: PDB 'SOIL.pdb' was not found with 'SOIL.lib(image_helper.obj)' or at 'F:\Year 2\Graphics Programming\Coursework\CMP203-Framework-master\GraphicsProgramming\Release\SOIL.pdb'; linking object as if no debug info
SOIL.lib(SOIL.obj) : warning LNK4099: PDB 'SOIL.pdb' was not found with 'SOIL.lib(SOIL.obj)' or at 'F:\Year 2\Graphics Programming\Coursework\CMP203-Framework-master\GraphicsProgramming\Release\SOIL.pdb'; linking object as if no debug info
SOIL.lib(stb_image_aug.obj) : warning LNK4099: PDB 'SOIL.pdb' was not found with 'SOIL.lib(stb_image_aug.obj)' or at 'F:\Year 2\Graphics Programming\Coursework\CMP203-Framework-master\GraphicsProgramming\Release\SOIL.pdb'; linking object as if no debug info
  GraphicsProgramming.vcxproj -> F:\Year 2\Graphics Programming\Coursework\CMP203-Framework-master\GraphicsProgramming\Release\GraphicsProgramming.exe
